<?xml version="1.0" encoding="UTF-8"?>
<testng-results ignored="0" total="1" passed="1" failed="0" skipped="0">
  <reporter-output>
    <line>
      <![CDATA[openBrowser]]>
    </line>
    <line>
      <![CDATA[login]]>
    </line>
    <line>
      <![CDATA[CreateCustomer]]>
    </line>
    <line>
      <![CDATA[logOut]]>
    </line>
    <line>
      <![CDATA[closeBrowser]]>
    </line>
  </reporter-output>
  <suite started-at="2023-07-28T13:05:03 IST" name="Default suite" finished-at="2023-07-28T13:05:39 IST" duration-ms="35780">
    <groups>
    </groups>
    <test started-at="2023-07-28T13:05:03 IST" name="Default test" finished-at="2023-07-28T13:05:39 IST" duration-ms="35780">
      <class name="com.actitime.testscript.CustomerModule">
        <test-method is-config="true" signature="openBrowser()[pri:0, instance:com.actitime.testscript.CustomerModule@3b0090a4]" started-at="2023-07-28T13:05:03 IST" name="openBrowser" finished-at="2023-07-28T13:05:06 IST" duration-ms="2851" status="PASS">
          <reporter-output>
            <line>
              <![CDATA[openBrowser]]>
            </line>
          </reporter-output>
        </test-method> <!-- openBrowser -->
        <test-method is-config="true" signature="login()[pri:0, instance:com.actitime.testscript.CustomerModule@3b0090a4]" started-at="2023-07-28T13:05:06 IST" name="login" finished-at="2023-07-28T13:05:21 IST" duration-ms="14540" status="PASS">
          <reporter-output>
            <line>
              <![CDATA[login]]>
            </line>
          </reporter-output>
        </test-method> <!-- login -->
        <test-method signature="testCreateCustomer()[pri:0, instance:com.actitime.testscript.CustomerModule@3b0090a4]" started-at="2023-07-28T13:05:21 IST" name="testCreateCustomer" finished-at="2023-07-28T13:05:37 IST" duration-ms="15970" status="PASS">
          <reporter-output>
            <line>
              <![CDATA[CreateCustomer]]>
            </line>
          </reporter-output>
        </test-method> <!-- testCreateCustomer -->
        <test-method is-config="true" signature="logOut()[pri:0, instance:com.actitime.testscript.CustomerModule@3b0090a4]" started-at="2023-07-28T13:05:37 IST" name="logOut" finished-at="2023-07-28T13:05:39 IST" duration-ms="2206" status="PASS">
          <reporter-output>
            <line>
              <![CDATA[logOut]]>
            </line>
          </reporter-output>
        </test-method> <!-- logOut -->
        <test-method is-config="true" signature="closeBrowser()[pri:0, instance:com.actitime.testscript.CustomerModule@3b0090a4]" started-at="2023-07-28T13:05:39 IST" name="closeBrowser" finished-at="2023-07-28T13:05:39 IST" duration-ms="176" status="PASS">
          <reporter-output>
            <line>
              <![CDATA[closeBrowser]]>
            </line>
          </reporter-output>
        </test-method> <!-- closeBrowser -->
      </class> <!-- com.actitime.testscript.CustomerModule -->
    </test> <!-- Default test -->
  </suite> <!-- Default suite -->
</testng-results>
