<?xml version="1.0" encoding="UTF-8"?>
<testng-results ignored="0" total="2" passed="2" failed="0" skipped="0">
  <reporter-output>
    <line>
      <![CDATA[openBrowser]]>
    </line>
    <line>
      <![CDATA[openBrowser]]>
    </line>
    <line>
      <![CDATA[login]]>
    </line>
    <line>
      <![CDATA[login]]>
    </line>
    <line>
      <![CDATA[CreateCustomer]]>
    </line>
    <line>
      <![CDATA[logOut]]>
    </line>
    <line>
      <![CDATA[CreateCustomer]]>
    </line>
    <line>
      <![CDATA[logOut]]>
    </line>
    <line>
      <![CDATA[closeBrowser]]>
    </line>
    <line>
      <![CDATA[closeBrowser]]>
    </line>
  </reporter-output>
  <suite started-at="2023-08-02T17:36:19 IST" name="Suite" finished-at="2023-08-02T17:36:52 IST" duration-ms="33223">
    <groups>
    </groups>
    <test started-at="2023-08-02T17:36:19 IST" name="Test1" finished-at="2023-08-02T17:36:45 IST" duration-ms="26901">
      <class name="com.actitime.testscript.CustomerModule">
        <test-method is-config="true" signature="openBrowser(java.lang.String)[pri:0, instance:com.actitime.testscript.CustomerModule@31190526]" started-at="2023-08-02T17:36:19 IST" name="openBrowser" finished-at="2023-08-02T17:36:21 IST" duration-ms="2865" status="PASS">
          <params>
            <param index="0">
              <value>
                <![CDATA[chrome]]>
              </value>
            </param>
          </params>
          <reporter-output>
            <line>
              <![CDATA[openBrowser]]>
            </line>
          </reporter-output>
        </test-method> <!-- openBrowser -->
        <test-method is-config="true" signature="login()[pri:0, instance:com.actitime.testscript.CustomerModule@31190526]" started-at="2023-08-02T17:36:21 IST" name="login" finished-at="2023-08-02T17:36:37 IST" duration-ms="15381" status="PASS">
          <reporter-output>
            <line>
              <![CDATA[login]]>
            </line>
          </reporter-output>
        </test-method> <!-- login -->
        <test-method signature="testCreateCustomer()[pri:0, instance:com.actitime.testscript.CustomerModule@31190526]" started-at="2023-08-02T17:36:37 IST" name="testCreateCustomer" finished-at="2023-08-02T17:36:37 IST" duration-ms="11" status="PASS">
          <reporter-output>
            <line>
              <![CDATA[CreateCustomer]]>
            </line>
          </reporter-output>
        </test-method> <!-- testCreateCustomer -->
        <test-method is-config="true" signature="logOut()[pri:0, instance:com.actitime.testscript.CustomerModule@31190526]" started-at="2023-08-02T17:36:37 IST" name="logOut" finished-at="2023-08-02T17:36:45 IST" duration-ms="8447" status="PASS">
          <reporter-output>
            <line>
              <![CDATA[logOut]]>
            </line>
          </reporter-output>
        </test-method> <!-- logOut -->
        <test-method is-config="true" signature="closeBrowser()[pri:0, instance:com.actitime.testscript.CustomerModule@31190526]" started-at="2023-08-02T17:36:45 IST" name="closeBrowser" finished-at="2023-08-02T17:36:45 IST" duration-ms="151" status="PASS">
          <reporter-output>
            <line>
              <![CDATA[closeBrowser]]>
            </line>
          </reporter-output>
        </test-method> <!-- closeBrowser -->
      </class> <!-- com.actitime.testscript.CustomerModule -->
    </test> <!-- Test1 -->
    <test started-at="2023-08-02T17:36:19 IST" name="Test2" finished-at="2023-08-02T17:36:52 IST" duration-ms="33223">
      <class name="com.actitime.testscript.CustomerModule">
        <test-method is-config="true" signature="openBrowser(java.lang.String)[pri:0, instance:com.actitime.testscript.CustomerModule@24313fcc]" started-at="2023-08-02T17:36:19 IST" name="openBrowser" finished-at="2023-08-02T17:36:23 IST" duration-ms="4164" status="PASS">
          <params>
            <param index="0">
              <value>
                <![CDATA[edge]]>
              </value>
            </param>
          </params>
          <reporter-output>
            <line>
              <![CDATA[openBrowser]]>
            </line>
          </reporter-output>
        </test-method> <!-- openBrowser -->
        <test-method is-config="true" signature="login()[pri:0, instance:com.actitime.testscript.CustomerModule@24313fcc]" started-at="2023-08-02T17:36:23 IST" name="login" finished-at="2023-08-02T17:36:42 IST" duration-ms="19192" status="PASS">
          <reporter-output>
            <line>
              <![CDATA[login]]>
            </line>
          </reporter-output>
        </test-method> <!-- login -->
        <test-method signature="testCreateCustomer()[pri:0, instance:com.actitime.testscript.CustomerModule@24313fcc]" started-at="2023-08-02T17:36:42 IST" name="testCreateCustomer" finished-at="2023-08-02T17:36:42 IST" duration-ms="5" status="PASS">
          <reporter-output>
            <line>
              <![CDATA[CreateCustomer]]>
            </line>
          </reporter-output>
        </test-method> <!-- testCreateCustomer -->
        <test-method is-config="true" signature="logOut()[pri:0, instance:com.actitime.testscript.CustomerModule@24313fcc]" started-at="2023-08-02T17:36:42 IST" name="logOut" finished-at="2023-08-02T17:36:52 IST" duration-ms="9700" status="PASS">
          <reporter-output>
            <line>
              <![CDATA[logOut]]>
            </line>
          </reporter-output>
        </test-method> <!-- logOut -->
        <test-method is-config="true" signature="closeBrowser()[pri:0, instance:com.actitime.testscript.CustomerModule@24313fcc]" started-at="2023-08-02T17:36:52 IST" name="closeBrowser" finished-at="2023-08-02T17:36:52 IST" duration-ms="144" status="PASS">
          <reporter-output>
            <line>
              <![CDATA[closeBrowser]]>
            </line>
          </reporter-output>
        </test-method> <!-- closeBrowser -->
      </class> <!-- com.actitime.testscript.CustomerModule -->
    </test> <!-- Test2 -->
  </suite> <!-- Suite -->
</testng-results>
